1744662588.155560 client started (2861): version 3.4, socket /tmp/tmux-1000/default, protocol 8
1744662588.155579 on Linux 5.15.167.4-microsoft-standard-WSL2 #1 SMP Tue Nov 5 00:21:55 UTC 2024
1744662588.155582 using libevent 2.1.12-stable poll
1744662588.155583 using ncurses 6.4 20240113
1744662588.155591 flags are 0x18010000
1744662588.155598 socket is /tmp/tmux-1000/default
1744662588.155604 trying connect
1744662588.155610 connect failed: Connection refused
1744662588.155615 lock file is /tmp/tmux-1000/default.lock
1744662588.155632 flock succeeded
1744662588.155633 got lock (6)
1744662588.155636 trying connect
1744662588.155639 connect failed: Connection refused
1744662588.155809 add peer 0x559a3264ae60: 7 ((nil))
1744662588.156108 sending message 100 to peer 0x559a3264ae60 (4 bytes)
1744662588.156115 sending message 111 to peer 0x559a3264ae60 (8 bytes)
1744662588.156117 sending message 101 to peer 0x559a3264ae60 (15 bytes)
1744662588.156119 sending message 109 to peer 0x559a3264ae60 (4 bytes)
1744662588.156120 sending message 102 to peer 0x559a3264ae60 (11 bytes)
1744662588.156122 sending message 108 to peer 0x559a3264ae60 (22 bytes)
1744662588.156124 sending message 112 to peer 0x559a3264ae60 (58 bytes)
1744662588.156126 sending message 112 to peer 0x559a3264ae60 (5 bytes)
1744662588.156127 sending message 112 to peer 0x559a3264ae60 (5 bytes)
1744662588.156129 sending message 112 to peer 0x559a3264ae60 (6 bytes)
1744662588.156131 sending message 112 to peer 0x559a3264ae60 (6 bytes)
1744662588.156132 sending message 112 to peer 0x559a3264ae60 (11 bytes)
1744662588.156134 sending message 112 to peer 0x559a3264ae60 (10 bytes)
1744662588.156136 sending message 112 to peer 0x559a3264ae60 (13 bytes)
1744662588.156138 sending message 112 to peer 0x559a3264ae60 (14 bytes)
1744662588.156139 sending message 112 to peer 0x559a3264ae60 (19 bytes)
1744662588.156141 sending message 112 to peer 0x559a3264ae60 (11 bytes)
1744662588.156143 sending message 112 to peer 0x559a3264ae60 (10 bytes)
1744662588.156144 sending message 112 to peer 0x559a3264ae60 (15 bytes)
1744662588.156146 sending message 112 to peer 0x559a3264ae60 (21 bytes)
1744662588.156148 sending message 112 to peer 0x559a3264ae60 (13 bytes)
1744662588.156150 sending message 112 to peer 0x559a3264ae60 (7 bytes)
1744662588.156151 sending message 112 to peer 0x559a3264ae60 (13 bytes)
1744662588.156153 sending message 112 to peer 0x559a3264ae60 (7 bytes)
1744662588.156155 sending message 112 to peer 0x559a3264ae60 (13 bytes)
1744662588.156157 sending message 112 to peer 0x559a3264ae60 (9 bytes)
1744662588.156159 sending message 112 to peer 0x559a3264ae60 (21 bytes)
1744662588.156161 sending message 112 to peer 0x559a3264ae60 (13 bytes)
1744662588.156163 sending message 112 to peer 0x559a3264ae60 (9 bytes)
1744662588.156164 sending message 112 to peer 0x559a3264ae60 (16 bytes)
1744662588.156166 sending message 112 to peer 0x559a3264ae60 (13 bytes)
1744662588.156168 sending message 112 to peer 0x559a3264ae60 (9 bytes)
1744662588.156169 sending message 112 to peer 0x559a3264ae60 (9 bytes)
1744662588.156171 sending message 112 to peer 0x559a3264ae60 (12 bytes)
1744662588.156173 sending message 112 to peer 0x559a3264ae60 (8 bytes)
1744662588.156175 sending message 112 to peer 0x559a3264ae60 (8 bytes)
1744662588.156176 sending message 112 to peer 0x559a3264ae60 (13 bytes)
1744662588.156178 sending message 112 to peer 0x559a3264ae60 (7 bytes)
1744662588.156180 sending message 112 to peer 0x559a3264ae60 (7 bytes)
1744662588.156181 sending message 112 to peer 0x559a3264ae60 (9 bytes)
1744662588.156183 sending message 112 to peer 0x559a3264ae60 (9 bytes)
1744662588.156184 sending message 112 to peer 0x559a3264ae60 (15 bytes)
1744662588.156186 sending message 112 to peer 0x559a3264ae60 (13 bytes)
1744662588.156188 sending message 112 to peer 0x559a3264ae60 (12 bytes)
1744662588.156190 sending message 112 to peer 0x559a3264ae60 (8 bytes)
1744662588.156191 sending message 112 to peer 0x559a3264ae60 (14 bytes)
1744662588.156193 sending message 112 to peer 0x559a3264ae60 (11 bytes)
1744662588.156195 sending message 112 to peer 0x559a3264ae60 (9 bytes)
1744662588.156201 sending message 112 to peer 0x559a3264ae60 (10 bytes)
1744662588.156203 sending message 112 to peer 0x559a3264ae60 (10 bytes)
1744662588.156204 sending message 112 to peer 0x559a3264ae60 (10 bytes)
1744662588.156206 sending message 112 to peer 0x559a3264ae60 (10 bytes)
1744662588.156208 sending message 112 to peer 0x559a3264ae60 (11 bytes)
1744662588.156209 sending message 112 to peer 0x559a3264ae60 (12 bytes)
1744662588.156211 sending message 112 to peer 0x559a3264ae60 (12 bytes)
1744662588.156213 sending message 112 to peer 0x559a3264ae60 (12 bytes)
1744662588.156214 sending message 112 to peer 0x559a3264ae60 (12 bytes)
1744662588.156216 sending message 112 to peer 0x559a3264ae60 (12 bytes)
1744662588.156217 sending message 112 to peer 0x559a3264ae60 (11 bytes)
1744662588.156219 sending message 112 to peer 0x559a3264ae60 (11 bytes)
1744662588.156221 sending message 112 to peer 0x559a3264ae60 (12 bytes)
1744662588.156222 sending message 112 to peer 0x559a3264ae60 (12 bytes)
1744662588.156224 sending message 112 to peer 0x559a3264ae60 (12 bytes)
1744662588.156226 sending message 112 to peer 0x559a3264ae60 (12 bytes)
1744662588.156227 sending message 112 to peer 0x559a3264ae60 (12 bytes)
1744662588.156229 sending message 112 to peer 0x559a3264ae60 (9 bytes)
1744662588.156230 sending message 112 to peer 0x559a3264ae60 (12 bytes)
1744662588.156232 sending message 112 to peer 0x559a3264ae60 (13 bytes)
1744662588.156234 sending message 112 to peer 0x559a3264ae60 (13 bytes)
1744662588.156236 sending message 112 to peer 0x559a3264ae60 (13 bytes)
1744662588.156238 sending message 112 to peer 0x559a3264ae60 (13 bytes)
1744662588.156240 sending message 112 to peer 0x559a3264ae60 (13 bytes)
1744662588.156241 sending message 112 to peer 0x559a3264ae60 (8 bytes)
1744662588.156243 sending message 112 to peer 0x559a3264ae60 (11 bytes)
1744662588.156245 sending message 112 to peer 0x559a3264ae60 (11 bytes)
1744662588.156246 sending message 112 to peer 0x559a3264ae60 (11 bytes)
1744662588.156248 sending message 112 to peer 0x559a3264ae60 (12 bytes)
1744662588.156250 sending message 112 to peer 0x559a3264ae60 (12 bytes)
1744662588.156251 sending message 112 to peer 0x559a3264ae60 (12 bytes)
1744662588.156253 sending message 112 to peer 0x559a3264ae60 (12 bytes)
1744662588.156255 sending message 112 to peer 0x559a3264ae60 (13 bytes)
1744662588.156256 sending message 112 to peer 0x559a3264ae60 (13 bytes)
1744662588.156258 sending message 112 to peer 0x559a3264ae60 (13 bytes)
1744662588.156260 sending message 112 to peer 0x559a3264ae60 (8 bytes)
1744662588.156261 sending message 112 to peer 0x559a3264ae60 (13 bytes)
1744662588.156263 sending message 112 to peer 0x559a3264ae60 (13 bytes)
1744662588.156265 sending message 112 to peer 0x559a3264ae60 (13 bytes)
1744662588.156266 sending message 112 to peer 0x559a3264ae60 (13 bytes)
1744662588.156268 sending message 112 to peer 0x559a3264ae60 (13 bytes)
1744662588.156270 sending message 112 to peer 0x559a3264ae60 (12 bytes)
1744662588.156271 sending message 112 to peer 0x559a3264ae60 (12 bytes)
1744662588.156273 sending message 112 to peer 0x559a3264ae60 (12 bytes)
1744662588.156275 sending message 112 to peer 0x559a3264ae60 (12 bytes)
1744662588.156276 sending message 112 to peer 0x559a3264ae60 (13 bytes)
1744662588.156278 sending message 112 to peer 0x559a3264ae60 (8 bytes)
1744662588.156280 sending message 112 to peer 0x559a3264ae60 (13 bytes)
1744662588.156282 sending message 112 to peer 0x559a3264ae60 (13 bytes)
1744662588.156283 sending message 112 to peer 0x559a3264ae60 (13 bytes)
1744662588.156285 sending message 112 to peer 0x559a3264ae60 (13 bytes)
1744662588.156287 sending message 112 to peer 0x559a3264ae60 (13 bytes)
1744662588.156288 sending message 112 to peer 0x559a3264ae60 (13 bytes)
1744662588.156290 sending message 112 to peer 0x559a3264ae60 (13 bytes)
1744662588.156291 sending message 112 to peer 0x559a3264ae60 (12 bytes)
1744662588.156294 sending message 112 to peer 0x559a3264ae60 (12 bytes)
1744662588.156295 sending message 112 to peer 0x559a3264ae60 (12 bytes)
1744662588.156299 sending message 112 to peer 0x559a3264ae60 (8 bytes)
1744662588.156300 sending message 112 to peer 0x559a3264ae60 (12 bytes)
1744662588.156302 sending message 112 to peer 0x559a3264ae60 (13 bytes)
1744662588.156304 sending message 112 to peer 0x559a3264ae60 (13 bytes)
1744662588.156306 sending message 112 to peer 0x559a3264ae60 (13 bytes)
1744662588.156307 sending message 112 to peer 0x559a3264ae60 (13 bytes)
1744662588.156309 sending message 112 to peer 0x559a3264ae60 (13 bytes)
1744662588.156310 sending message 112 to peer 0x559a3264ae60 (13 bytes)
1744662588.156312 sending message 112 to peer 0x559a3264ae60 (13 bytes)
1744662588.156314 sending message 112 to peer 0x559a3264ae60 (13 bytes)
1744662588.156315 sending message 112 to peer 0x559a3264ae60 (12 bytes)
1744662588.156317 sending message 112 to peer 0x559a3264ae60 (10 bytes)
1744662588.156319 sending message 112 to peer 0x559a3264ae60 (12 bytes)
1744662588.156320 sending message 112 to peer 0x559a3264ae60 (12 bytes)
1744662588.156322 sending message 112 to peer 0x559a3264ae60 (12 bytes)
1744662588.156323 sending message 112 to peer 0x559a3264ae60 (13 bytes)
1744662588.156325 sending message 112 to peer 0x559a3264ae60 (13 bytes)
1744662588.156327 sending message 112 to peer 0x559a3264ae60 (13 bytes)
1744662588.156329 sending message 112 to peer 0x559a3264ae60 (13 bytes)
1744662588.156331 sending message 112 to peer 0x559a3264ae60 (13 bytes)
1744662588.156332 sending message 112 to peer 0x559a3264ae60 (13 bytes)
1744662588.156334 sending message 112 to peer 0x559a3264ae60 (13 bytes)
1744662588.156336 sending message 112 to peer 0x559a3264ae60 (10 bytes)
1744662588.156337 sending message 112 to peer 0x559a3264ae60 (13 bytes)
1744662588.156339 sending message 112 to peer 0x559a3264ae60 (12 bytes)
1744662588.156341 sending message 112 to peer 0x559a3264ae60 (12 bytes)
1744662588.156342 sending message 112 to peer 0x559a3264ae60 (12 bytes)
1744662588.156344 sending message 112 to peer 0x559a3264ae60 (10 bytes)
1744662588.156346 sending message 112 to peer 0x559a3264ae60 (10 bytes)
1744662588.156347 sending message 112 to peer 0x559a3264ae60 (10 bytes)
1744662588.156349 sending message 112 to peer 0x559a3264ae60 (12 bytes)
1744662588.156351 sending message 112 to peer 0x559a3264ae60 (13 bytes)
1744662588.156352 sending message 112 to peer 0x559a3264ae60 (13 bytes)
1744662588.156354 sending message 112 to peer 0x559a3264ae60 (13 bytes)
1744662588.156355 sending message 112 to peer 0x559a3264ae60 (13 bytes)
1744662588.156357 sending message 112 to peer 0x559a3264ae60 (13 bytes)
1744662588.156359 sending message 112 to peer 0x559a3264ae60 (10 bytes)
1744662588.156360 sending message 112 to peer 0x559a3264ae60 (11 bytes)
1744662588.156362 sending message 112 to peer 0x559a3264ae60 (12 bytes)
1744662588.156364 sending message 112 to peer 0x559a3264ae60 (12 bytes)
1744662588.156366 sending message 112 to peer 0x559a3264ae60 (12 bytes)
1744662588.156367 sending message 112 to peer 0x559a3264ae60 (12 bytes)
1744662588.156369 sending message 112 to peer 0x559a3264ae60 (12 bytes)
1744662588.156371 sending message 112 to peer 0x559a3264ae60 (11 bytes)
1744662588.156372 sending message 112 to peer 0x559a3264ae60 (12 bytes)
1744662588.156374 sending message 112 to peer 0x559a3264ae60 (12 bytes)
1744662588.156375 sending message 112 to peer 0x559a3264ae60 (13 bytes)
1744662588.156377 sending message 112 to peer 0x559a3264ae60 (13 bytes)
1744662588.156379 sending message 112 to peer 0x559a3264ae60 (13 bytes)
1744662588.156380 sending message 112 to peer 0x559a3264ae60 (13 bytes)
1744662588.156382 sending message 112 to peer 0x559a3264ae60 (13 bytes)
1744662588.156384 sending message 112 to peer 0x559a3264ae60 (10 bytes)
1744662588.156385 sending message 112 to peer 0x559a3264ae60 (9 bytes)
1744662588.156387 sending message 112 to peer 0x559a3264ae60 (12 bytes)
1744662588.156388 sending message 112 to peer 0x559a3264ae60 (13 bytes)
1744662588.156390 sending message 112 to peer 0x559a3264ae60 (13 bytes)
1744662588.156394 sending message 112 to peer 0x559a3264ae60 (13 bytes)
1744662588.156395 sending message 112 to peer 0x559a3264ae60 (13 bytes)
1744662588.156397 sending message 112 to peer 0x559a3264ae60 (13 bytes)
1744662588.156399 sending message 112 to peer 0x559a3264ae60 (9 bytes)
1744662588.156400 sending message 112 to peer 0x559a3264ae60 (12 bytes)
1744662588.156402 sending message 112 to peer 0x559a3264ae60 (13 bytes)
1744662588.156404 sending message 112 to peer 0x559a3264ae60 (13 bytes)
1744662588.156405 sending message 112 to peer 0x559a3264ae60 (13 bytes)
1744662588.156407 sending message 112 to peer 0x559a3264ae60 (13 bytes)
1744662588.156409 sending message 112 to peer 0x559a3264ae60 (13 bytes)
1744662588.156410 sending message 112 to peer 0x559a3264ae60 (11 bytes)
1744662588.156412 sending message 112 to peer 0x559a3264ae60 (12 bytes)
1744662588.156414 sending message 112 to peer 0x559a3264ae60 (13 bytes)
1744662588.156416 sending message 112 to peer 0x559a3264ae60 (13 bytes)
1744662588.156418 sending message 112 to peer 0x559a3264ae60 (13 bytes)
1744662588.156419 sending message 112 to peer 0x559a3264ae60 (13 bytes)
1744662588.156421 sending message 112 to peer 0x559a3264ae60 (13 bytes)
1744662588.156423 sending message 112 to peer 0x559a3264ae60 (11 bytes)
1744662588.156425 sending message 112 to peer 0x559a3264ae60 (12 bytes)
1744662588.156426 sending message 112 to peer 0x559a3264ae60 (12 bytes)
1744662588.156428 sending message 112 to peer 0x559a3264ae60 (12 bytes)
1744662588.156430 sending message 112 to peer 0x559a3264ae60 (12 bytes)
1744662588.156431 sending message 112 to peer 0x559a3264ae60 (12 bytes)
1744662588.156433 sending message 112 to peer 0x559a3264ae60 (21 bytes)
1744662588.156435 sending message 112 to peer 0x559a3264ae60 (12 bytes)
1744662588.156436 sending message 112 to peer 0x559a3264ae60 (9 bytes)
1744662588.156438 sending message 112 to peer 0x559a3264ae60 (6 bytes)
1744662588.156440 sending message 112 to peer 0x559a3264ae60 (13 bytes)
1744662588.156442 sending message 112 to peer 0x559a3264ae60 (10 bytes)
1744662588.156444 sending message 112 to peer 0x559a3264ae60 (24 bytes)
1744662588.156445 sending message 112 to peer 0x559a3264ae60 (13 bytes)
1744662588.156447 sending message 112 to peer 0x559a3264ae60 (9 bytes)
1744662588.156449 sending message 112 to peer 0x559a3264ae60 (70 bytes)
1744662588.156450 sending message 112 to peer 0x559a3264ae60 (69 bytes)
1744662588.156452 sending message 112 to peer 0x559a3264ae60 (12 bytes)
1744662588.156454 sending message 112 to peer 0x559a3264ae60 (10 bytes)
1744662588.156455 sending message 112 to peer 0x559a3264ae60 (10 bytes)
1744662588.156457 sending message 112 to peer 0x559a3264ae60 (24 bytes)
1744662588.156459 sending message 112 to peer 0x559a3264ae60 (13 bytes)
1744662588.156460 sending message 112 to peer 0x559a3264ae60 (10 bytes)
1744662588.156462 sending message 112 to peer 0x559a3264ae60 (10 bytes)
1744662588.156464 sending message 112 to peer 0x559a3264ae60 (10 bytes)
1744662588.156466 sending message 112 to peer 0x559a3264ae60 (13 bytes)
1744662588.156468 sending message 112 to peer 0x559a3264ae60 (15 bytes)
1744662588.156470 sending message 112 to peer 0x559a3264ae60 (5 bytes)
1744662588.156472 sending message 104 to peer 0x559a3264ae60 (0 bytes)
1744662588.156474 sending message 110 to peer 0x559a3264ae60 (0 bytes)
1744662588.156476 sending message 107 to peer 0x559a3264ae60 (4 bytes)
1744662588.156478 sending message 105 to peer 0x559a3264ae60 (16 bytes)
1744662588.156480 sending message 105 to peer 0x559a3264ae60 (13 bytes)
1744662588.156481 sending message 105 to peer 0x559a3264ae60 (1603 bytes)
1744662588.156510 sending message 105 to peer 0x559a3264ae60 (20 bytes)
1744662588.156515 sending message 105 to peer 0x559a3264ae60 (32 bytes)
1744662588.156517 sending message 105 to peer 0x559a3264ae60 (11 bytes)
1744662588.156519 sending message 105 to peer 0x559a3264ae60 (26 bytes)
1744662588.156520 sending message 105 to peer 0x559a3264ae60 (40 bytes)
1744662588.156522 sending message 105 to peer 0x559a3264ae60 (24 bytes)
1744662588.156527 sending message 105 to peer 0x559a3264ae60 (8 bytes)
1744662588.156529 sending message 105 to peer 0x559a3264ae60 (33 bytes)
1744662588.156543 sending message 105 to peer 0x559a3264ae60 (20 bytes)
1744662588.156547 sending message 105 to peer 0x559a3264ae60 (29 bytes)
1744662588.156550 sending message 105 to peer 0x559a3264ae60 (18 bytes)
1744662588.156551 sending message 105 to peer 0x559a3264ae60 (12 bytes)
1744662588.156553 sending message 105 to peer 0x559a3264ae60 (15 bytes)
1744662588.156555 sending message 105 to peer 0x559a3264ae60 (15 bytes)
1744662588.156557 sending message 105 to peer 0x559a3264ae60 (54 bytes)
1744662588.156558 sending message 105 to peer 0x559a3264ae60 (8 bytes)
1744662588.156560 sending message 105 to peer 0x559a3264ae60 (26 bytes)
1744662588.156562 sending message 105 to peer 0x559a3264ae60 (26 bytes)
1744662588.156563 sending message 105 to peer 0x559a3264ae60 (28 bytes)
1744662588.156565 sending message 105 to peer 0x559a3264ae60 (11 bytes)
1744662588.156567 sending message 105 to peer 0x559a3264ae60 (8 bytes)
1744662588.156568 sending message 105 to peer 0x559a3264ae60 (32 bytes)
1744662588.156570 sending message 105 to peer 0x559a3264ae60 (1817 bytes)
1744662588.156573 sending message 105 to peer 0x559a3264ae60 (18 bytes)
1744662588.156574 sending message 105 to peer 0x559a3264ae60 (18 bytes)
1744662588.156576 sending message 105 to peer 0x559a3264ae60 (16 bytes)
1744662588.156578 sending message 106 to peer 0x559a3264ae60 (0 bytes)
1744662588.156604 sending message 200 to peer 0x559a3264ae60 (4 bytes)
1744662588.156606 client loop enter
1744662588.156616 client_signal: Child exited
1744662588.241594 peer 0x559a3264ae60 message 207
1744662588.241602 sending message 208 to peer 0x559a3264ae60 (0 bytes)
1744662590.160273 peer 0x559a3264ae60 message 203
1744662590.160280 sending message 205 to peer 0x559a3264ae60 (0 bytes)
1744662590.160466 peer 0x559a3264ae60 message 204
1744662590.160471 client loop exit
